# JRE version: OpenJDK Runtime Environment Temurin-17.0.11+9 (17.0.11+9) (build 17.0.11+9)
# Java VM: OpenJDK Client VM Temurin-17.0.11+9 (17.0.11+9, mixed mode, emulated-client, serial gc, windows-x86)
GC Precious Log:
 CPUs: 16 total, 16 available
 Memory: 16289M
 Large Page Support: Disabled
 NUMA Support: Disabled
 Compressed Oops: Disabled
 Heap Min Capacity: 6M
 Heap Initial Capacity: 16M
 Heap Max Capacity: 1536M
 Pre-touch: Disabled
Heap:
 def new generation   total 176768K, used 39003K [0x05600000, 0x115c0000, 0x25600000)
  eden space 157184K,  18% used [0x05600000, 0x071c5068, 0x0ef80000)
  from space 19584K,  53% used [0x102a0000, 0x10cf1c50, 0x115c0000)
  to   space 19584K,   0% used [0x0ef80000, 0x0ef80000, 0x102a0000)
 tenured generation   total 390568K, used 303305K [0x25600000, 0x3d36a000, 0x65600000)
   the space 390568K,  77% used [0x25600000, 0x37e32508, 0x37e32600, 0x3d36a000)
 Metaspace       used 97044K, committed 97600K, reserved 98304K
GC Heap History (20 events):
Event: 122.702 GC heap before
{Heap before GC invocations=234 (full 7):
 def new generation   total 108736K, used 108736K [0x05600000, 0x0cbf0000, 0x25600000)
  eden space 96704K, 100% used [0x05600000, 0x0b470000, 0x0b470000)
  from space 12032K, 100% used [0x0b470000, 0x0c030000, 0x0c030000)
  to   space 12032K,   0% used [0x0c030000, 0x0c030000, 0x0cbf0000)
 tenured generation   total 239596K, used 159182K [0x25600000, 0x33ffb000, 0x65600000)
   the space 239596K,  66% used [0x25600000, 0x2f173910, 0x2f173a00, 0x33ffb000)
 Metaspace       used 89886K, committed 90432K, reserved 98304K
}
Event: 122.759 GC heap after
{Heap after GC invocations=235 (full 7):
 def new generation   total 108736K, used 12032K [0x05600000, 0x0cbf0000, 0x25600000)
  eden space 96704K,   0% used [0x05600000, 0x05600000, 0x0b470000)
  from space 12032K, 100% used [0x0c030000, 0x0cbf0000, 0x0cbf0000)
  to   space 12032K,   0% used [0x0b470000, 0x0b470000, 0x0c030000)
 tenured generation   total 239596K, used 178088K [0x25600000, 0x33ffb000, 0x65600000)
   the space 239596K,  74% used [0x25600000, 0x303ea138, 0x303ea200, 0x33ffb000)
 Metaspace       used 89886K, committed 90432K, reserved 98304K
}
Event: 122.882 GC heap before
{Heap before GC invocations=235 (full 7):
 def new generation   total 108736K, used 108736K [0x05600000, 0x0cbf0000, 0x25600000)
  eden space 96704K, 100% used [0x05600000, 0x0b470000, 0x0b470000)
  from space 12032K, 100% used [0x0c030000, 0x0cbf0000, 0x0cbf0000)
  to   space 12032K,   0% used [0x0b470000, 0x0b470000, 0x0c030000)
 tenured generation   total 239596K, used 178088K [0x25600000, 0x33ffb000, 0x65600000)
   the space 239596K,  74% used [0x25600000, 0x303ea138, 0x303ea200, 0x33ffb000)
 Metaspace       used 89905K, committed 90496K, reserved 98304K
}
Event: 123.007 GC heap after
{Heap after GC invocations=236 (full 7):
 def new generation   total 108736K, used 12031K [0x05600000, 0x0cbf0000, 0x25600000)
  eden space 96704K,   0% used [0x05600000, 0x05600000, 0x0b470000)
  from space 12032K,  99% used [0x0b470000, 0x0c02fff8, 0x0c030000)
  to   space 12032K,   0% used [0x0c030000, 0x0c030000, 0x0cbf0000)
 tenured generation   total 239596K, used 197723K [0x25600000, 0x33ffb000, 0x65600000)
   the space 239596K,  82% used [0x25600000, 0x31716f70, 0x31717000, 0x33ffb000)
 Metaspace       used 89905K, committed 90496K, reserved 98304K
}
Event: 123.106 GC heap before
{Heap before GC invocations=236 (full 7):
 def new generation   total 108736K, used 108735K [0x05600000, 0x0cbf0000, 0x25600000)
  eden space 96704K, 100% used [0x05600000, 0x0b470000, 0x0b470000)
  from space 12032K,  99% used [0x0b470000, 0x0c02fff8, 0x0c030000)
  to   space 12032K,   0% used [0x0c030000, 0x0c030000, 0x0cbf0000)
 tenured generation   total 239596K, used 197723K [0x25600000, 0x33ffb000, 0x65600000)
   the space 239596K,  82% used [0x25600000, 0x31716f70, 0x31717000, 0x33ffb000)
 Metaspace       used 89907K, committed 90496K, reserved 98304K
}
Event: 123.257 GC heap after
{Heap after GC invocations=237 (full 7):
 def new generation   total 108736K, used 12031K [0x05600000, 0x0cbf0000, 0x25600000)
  eden space 96704K,   0% used [0x05600000, 0x05600000, 0x0b470000)
  from space 12032K,  99% used [0x0c030000, 0x0cbefff8, 0x0cbf0000)
  to   space 12032K,   0% used [0x0b470000, 0x0b470000, 0x0c030000)
 tenured generation   total 239596K, used 217233K [0x25600000, 0x33ffb000, 0x65600000)
   the space 239596K,  90% used [0x25600000, 0x32a24500, 0x32a24600, 0x33ffb000)
 Metaspace       used 89907K, committed 90496K, reserved 98304K
}
Event: 123.719 GC heap before
{Heap before GC invocations=237 (full 7):
 def new generation   total 108736K, used 108735K [0x05600000, 0x0cbf0000, 0x25600000)
  eden space 96704K, 100% used [0x05600000, 0x0b470000, 0x0b470000)
  from space 12032K,  99% used [0x0c030000, 0x0cbefff8, 0x0cbf0000)
  to   space 12032K,   0% used [0x0b470000, 0x0b470000, 0x0c030000)
 tenured generation   total 239596K, used 217233K [0x25600000, 0x33ffb000, 0x65600000)
   the space 239596K,  90% used [0x25600000, 0x32a24500, 0x32a24600, 0x33ffb000)
 Metaspace       used 89937K, committed 90496K, reserved 98304K
}
Event: 123.924 GC heap after
{Heap after GC invocations=238 (full 7):
 def new generation   total 108736K, used 12032K [0x05600000, 0x0cbf0000, 0x25600000)
  eden space 96704K,   0% used [0x05600000, 0x05600000, 0x0b470000)
  from space 12032K, 100% used [0x0b470000, 0x0c030000, 0x0c030000)
  to   space 12032K,   0% used [0x0c030000, 0x0c030000, 0x0cbf0000)
 tenured generation   total 240364K, used 240256K [0x25600000, 0x340bb000, 0x65600000)
   the space 240364K,  99% used [0x25600000, 0x340a0368, 0x340a0400, 0x340bb000)
 Metaspace       used 89937K, committed 90496K, reserved 98304K
}
Event: 123.924 GC heap before
{Heap before GC invocations=238 (full 7):
 def new generation   total 108736K, used 12032K [0x05600000, 0x0cbf0000, 0x25600000)
  eden space 96704K,   0% used [0x05600000, 0x05600000, 0x0b470000)
  from space 12032K, 100% used [0x0b470000, 0x0c030000, 0x0c030000)
  to   space 12032K,   0% used [0x0c030000, 0x0c030000, 0x0cbf0000)
 tenured generation   total 240364K, used 240256K [0x25600000, 0x340bb000, 0x65600000)
   the space 240364K,  99% used [0x25600000, 0x340a0368, 0x340a0400, 0x340bb000)
 Metaspace       used 89937K, committed 90496K, reserved 98304K
}
Event: 124.686 GC heap after
{Heap after GC invocations=238 (full 8):
 def new generation   total 176768K, used 0K [0x05600000, 0x115c0000, 0x25600000)
  eden space 157184K,   0% used [0x05600000, 0x05600000, 0x0ef80000)
  from space 19584K,   0% used [0x0ef80000, 0x0ef80000, 0x102a0000)
  to   space 19584K,   0% used [0x102a0000, 0x102a0000, 0x115c0000)
 tenured generation   total 390568K, used 234340K [0x25600000, 0x3d36a000, 0x65600000)
   the space 390568K,  59% used [0x25600000, 0x33ad9260, 0x33ad9400, 0x3d36a000)
 Metaspace       used 89917K, committed 90496K, reserved 98304K
}
Event: 125.591 GC heap before
{Heap before GC invocations=238 (full 8):
 def new generation   total 176768K, used 157184K [0x05600000, 0x115c0000, 0x25600000)
  eden space 157184K, 100% used [0x05600000, 0x0ef80000, 0x0ef80000)
  from space 19584K,   0% used [0x0ef80000, 0x0ef80000, 0x102a0000)
  to   space 19584K,   0% used [0x102a0000, 0x102a0000, 0x115c0000)
 tenured generation   total 390568K, used 234340K [0x25600000, 0x3d36a000, 0x65600000)
   the space 390568K,  59% used [0x25600000, 0x33ad9260, 0x33ad9400, 0x3d36a000)
 Metaspace       used 91002K, committed 91584K, reserved 98304K
}
Event: 125.816 GC heap after
{Heap after GC invocations=239 (full 8):
 def new generation   total 176768K, used 19583K [0x05600000, 0x115c0000, 0x25600000)
  eden space 157184K,   0% used [0x05600000, 0x05600000, 0x0ef80000)
  from space 19584K,  99% used [0x102a0000, 0x115bfff8, 0x115c0000)
  to   space 19584K,   0% used [0x0ef80000, 0x0ef80000, 0x102a0000)
 tenured generation   total 390568K, used 248109K [0x25600000, 0x3d36a000, 0x65600000)
   the space 390568K,  63% used [0x25600000, 0x3484b6c8, 0x3484b800, 0x3d36a000)
 Metaspace       used 91002K, committed 91584K, reserved 98304K
}
Event: 126.255 GC heap before
{Heap before GC invocations=239 (full 8):
 def new generation   total 176768K, used 176767K [0x05600000, 0x115c0000, 0x25600000)
  eden space 157184K, 100% used [0x05600000, 0x0ef80000, 0x0ef80000)
  from space 19584K,  99% used [0x102a0000, 0x115bfff8, 0x115c0000)
  to   space 19584K,   0% used [0x0ef80000, 0x0ef80000, 0x102a0000)
 tenured generation   total 390568K, used 248109K [0x25600000, 0x3d36a000, 0x65600000)
   the space 390568K,  63% used [0x25600000, 0x3484b6c8, 0x3484b800, 0x3d36a000)
 Metaspace       used 91418K, committed 91968K, reserved 98304K
}
Event: 126.338 GC heap after
{Heap after GC invocations=240 (full 8):
 def new generation   total 176768K, used 5447K [0x05600000, 0x115c0000, 0x25600000)
  eden space 157184K,   0% used [0x05600000, 0x05600000, 0x0ef80000)
  from space 19584K,  27% used [0x0ef80000, 0x0f4d1d20, 0x102a0000)
  to   space 19584K,   0% used [0x102a0000, 0x102a0000, 0x115c0000)
 tenured generation   total 390568K, used 267604K [0x25600000, 0x3d36a000, 0x65600000)
   the space 390568K,  68% used [0x25600000, 0x35b55088, 0x35b55200, 0x3d36a000)
 Metaspace       used 91418K, committed 91968K, reserved 98304K
}
Event: 127.572 GC heap before
{Heap before GC invocations=240 (full 8):
 def new generation   total 176768K, used 162631K [0x05600000, 0x115c0000, 0x25600000)
  eden space 157184K, 100% used [0x05600000, 0x0ef80000, 0x0ef80000)
  from space 19584K,  27% used [0x0ef80000, 0x0f4d1d20, 0x102a0000)
  to   space 19584K,   0% used [0x102a0000, 0x102a0000, 0x115c0000)
 tenured generation   total 390568K, used 267604K [0x25600000, 0x3d36a000, 0x65600000)
   the space 390568K,  68% used [0x25600000, 0x35b55088, 0x35b55200, 0x3d36a000)
 Metaspace       used 93811K, committed 94400K, reserved 98304K
}
Event: 127.652 GC heap after
{Heap after GC invocations=241 (full 8):
 def new generation   total 176768K, used 19584K [0x05600000, 0x115c0000, 0x25600000)
  eden space 157184K,   0% used [0x05600000, 0x05600000, 0x0ef80000)
  from space 19584K, 100% used [0x102a0000, 0x115c0000, 0x115c0000)
  to   space 19584K,   0% used [0x0ef80000, 0x0ef80000, 0x102a0000)
 tenured generation   total 390568K, used 271167K [0x25600000, 0x3d36a000, 0x65600000)
   the space 390568K,  69% used [0x25600000, 0x35ecff10, 0x35ed0000, 0x3d36a000)
 Metaspace       used 93811K, committed 94400K, reserved 98304K
}
Event: 128.975 GC heap before
{Heap before GC invocations=241 (full 8):
 def new generation   total 176768K, used 176768K [0x05600000, 0x115c0000, 0x25600000)
  eden space 157184K, 100% used [0x05600000, 0x0ef80000, 0x0ef80000)
  from space 19584K, 100% used [0x102a0000, 0x115c0000, 0x115c0000)
  to   space 19584K,   0% used [0x0ef80000, 0x0ef80000, 0x102a0000)
 tenured generation   total 390568K, used 271167K [0x25600000, 0x3d36a000, 0x65600000)
   the space 390568K,  69% used [0x25600000, 0x35ecff10, 0x35ed0000, 0x3d36a000)
 Metaspace       used 95681K, committed 96256K, reserved 98304K
}
Event: 129.107 GC heap after
{Heap after GC invocations=242 (full 8):
 def new generation   total 176768K, used 15720K [0x05600000, 0x115c0000, 0x25600000)
  eden space 157184K,   0% used [0x05600000, 0x05600000, 0x0ef80000)
  from space 19584K,  80% used [0x0ef80000, 0x0feda310, 0x102a0000)
  to   space 19584K,   0% used [0x102a0000, 0x102a0000, 0x115c0000)
 tenured generation   total 390568K, used 290342K [0x25600000, 0x3d36a000, 0x65600000)
   the space 390568K,  74% used [0x25600000, 0x37189bd8, 0x37189c00, 0x3d36a000)
 Metaspace       used 95681K, committed 96256K, reserved 98304K
}
Event: 130.819 GC heap before
{Heap before GC invocations=242 (full 8):
 def new generation   total 176768K, used 172904K [0x05600000, 0x115c0000, 0x25600000)
  eden space 157184K, 100% used [0x05600000, 0x0ef80000, 0x0ef80000)
  from space 19584K,  80% used [0x0ef80000, 0x0feda310, 0x102a0000)
  to   space 19584K,   0% used [0x102a0000, 0x102a0000, 0x115c0000)
 tenured generation   total 390568K, used 290342K [0x25600000, 0x3d36a000, 0x65600000)
   the space 390568K,  74% used [0x25600000, 0x37189bd8, 0x37189c00, 0x3d36a000)
 Metaspace       used 96664K, committed 97280K, reserved 98304K
}
Event: 130.909 GC heap after
{Heap after GC invocations=243 (full 8):
 def new generation   total 176768K, used 10567K [0x05600000, 0x115c0000, 0x25600000)
  eden space 157184K,   0% used [0x05600000, 0x05600000, 0x0ef80000)
  from space 19584K,  53% used [0x102a0000, 0x10cf1c50, 0x115c0000)
  to   space 19584K,   0% used [0x0ef80000, 0x0ef80000, 0x102a0000)
 tenured generation   total 390568K, used 303305K [0x25600000, 0x3d36a000, 0x65600000)
   the space 390568K,  77% used [0x25600000, 0x37e32508, 0x37e32600, 0x3d36a000)
 Metaspace       used 96664K, committed 97280K, reserved 98304K
}

